步骤0	当前分析栈:FUNCTIONS#	余留符号串：intmain(inta,intb){intm;returna+b;}#	语义栈:#

步骤1	当前分析栈:FUNCTIONPLUS1#	余留符号串：intmain(inta,intb){intm;returna+b;}#	语义栈:#

步骤2	当前分析栈:TYPEid(ARGS)FUNC_BODYPLUS1#	余留符号串：intmain(inta,intb){intm;returna+b;}#	语义栈:#

步骤3	当前分析栈:intid(ARGS)FUNC_BODYPLUS1#	余留符号串：intmain(inta,intb){intm;returna+b;}#	语义栈:#

步骤4	当前分析栈:id(ARGS)FUNC_BODYPLUS1#	余留符号串：main(inta,intb){intm;returna+b;}#	语义栈:#

步骤5	当前分析栈:(ARGS)FUNC_BODYPLUS1#	余留符号串：(inta,intb){intm;returna+b;}#	语义栈:#

步骤6	当前分析栈:ARGS)FUNC_BODYPLUS1#	余留符号串：inta,intb){intm;returna+b;}#	语义栈:#

步骤7	当前分析栈:FARGSALIST)FUNC_BODYPLUS1#	余留符号串：inta,intb){intm;returna+b;}#	语义栈:#

步骤8	当前分析栈:TYPEidALIST)FUNC_BODYPLUS1#	余留符号串：inta,intb){intm;returna+b;}#	语义栈:#

步骤9	当前分析栈:intidALIST)FUNC_BODYPLUS1#	余留符号串：inta,intb){intm;returna+b;}#	语义栈:#

步骤10	当前分析栈:idALIST)FUNC_BODYPLUS1#	余留符号串：a,intb){intm;returna+b;}#	语义栈:#

步骤11	当前分析栈:ALIST)FUNC_BODYPLUS1#	余留符号串：,intb){intm;returna+b;}#	语义栈:#

步骤12	当前分析栈:,FARGSALIST)FUNC_BODYPLUS1#	余留符号串：,intb){intm;returna+b;}#	语义栈:#

步骤13	当前分析栈:FARGSALIST)FUNC_BODYPLUS1#	余留符号串：intb){intm;returna+b;}#	语义栈:#

步骤14	当前分析栈:TYPEidALIST)FUNC_BODYPLUS1#	余留符号串：intb){intm;returna+b;}#	语义栈:#

步骤15	当前分析栈:intidALIST)FUNC_BODYPLUS1#	余留符号串：intb){intm;returna+b;}#	语义栈:#

步骤16	当前分析栈:idALIST)FUNC_BODYPLUS1#	余留符号串：b){intm;returna+b;}#	语义栈:#

步骤17	当前分析栈:ALIST)FUNC_BODYPLUS1#	余留符号串：){intm;returna+b;}#	语义栈:#

步骤18	当前分析栈:)FUNC_BODYPLUS1#	余留符号串：){intm;returna+b;}#	语义栈:#

步骤19	当前分析栈:FUNC_BODYPLUS1#	余留符号串：{intm;returna+b;}#	语义栈:#

步骤20	当前分析栈:{STMTS}PLUS1#	余留符号串：{intm;returna+b;}#	语义栈:#

步骤21	当前分析栈:STMTS}PLUS1#	余留符号串：intm;returna+b;}#	语义栈:#

步骤22	当前分析栈:}PLUS1#	余留符号串：m;returna+b;}#	语义栈:#

步骤23	当前分析栈:PLUS1#	余留符号串：;returna+b;}#	语义栈:#

步骤24	当前分析栈:#	余留符号串：returna+b;}#	语义栈:#

步骤25	
错误信息如下：
错误序号	错误信息	错误所在行 	错误单词
1	error		1	int
2	语法错误		1	m
3	error		1	;
